[06-Aug-2022 22:16:27 UTC] PHP Warning:  Undefined array key "value" in /Users/lasarkolja/Code/mia/mia/endpoints/initDB.php on line 13
[06-Aug-2022 22:16:27 UTC] PHP Warning:  Undefined array key "value" in /Users/lasarkolja/Code/mia/mia/endpoints/initDB.php on line 19
[06-Aug-2022 22:20:38 UTC] PHP Warning:  Undefined array key "value" in /Users/lasarkolja/Code/mia/mia/php/functions.php on line 39
[06-Aug-2022 22:21:28 UTC] PHP Warning:  Undefined array key "value" in /Users/lasarkolja/Code/mia/mia/php/functions.php on line 39
[06-Aug-2022 22:21:29 UTC] PHP Warning:  Undefined array key "value" in /Users/lasarkolja/Code/mia/mia/php/functions.php on line 39
[06-Aug-2022 22:21:57 UTC] PHP Fatal error:  Uncaught Error: Call to undefined function key_exist() in /Users/lasarkolja/Code/mia/mia/php/functions.php:39
Stack trace:
#0 /Users/lasarkolja/Code/mia/mia/index.php(41): getEndpoint()
#1 {main}
  thrown in /Users/lasarkolja/Code/mia/mia/php/functions.php on line 39
[11-Aug-2022 13:59:43 UTC] PHP Warning:  Undefined variable $jtw in /Users/lasarkolja/Code/mia/mia/endpoints/login.php on line 24
[11-Aug-2022 22:44:49 UTC] PHP Fatal error:  Uncaught Error: Call to a member function findOne() on null in /Users/lasarkolja/Code/mia/mia/vendor/gabordemooij/redbean/RedBeanPHP/Facade.php:1071
Stack trace:
#0 /Users/lasarkolja/Code/mia/mia/endpoints/login.php(14): RedBeanPHP\Facade::findOne('staff', ' email = ? ', Array)
#1 /Users/lasarkolja/Code/mia/mia/index.php(61): require('/Users/lasarkol...')
#2 {main}
  thrown in /Users/lasarkolja/Code/mia/mia/vendor/gabordemooij/redbean/RedBeanPHP/Facade.php on line 1071
[11-Aug-2022 22:45:22 UTC] PHP Fatal error:  Uncaught Error: Call to a member function findOne() on null in /Users/lasarkolja/Code/mia/mia/vendor/gabordemooij/redbean/RedBeanPHP/Facade.php:1071
Stack trace:
#0 /Users/lasarkolja/Code/mia/mia/endpoints/login.php(14): RedBeanPHP\Facade::findOne('staff', ' email = ? ', Array)
#1 /Users/lasarkolja/Code/mia/mia/index.php(61): require('/Users/lasarkol...')
#2 {main}
  thrown in /Users/lasarkolja/Code/mia/mia/vendor/gabordemooij/redbean/RedBeanPHP/Facade.php on line 1071
[11-Aug-2022 22:46:00 UTC] PHP Fatal error:  Uncaught Error: Call to a member function findOne() on null in /Users/lasarkolja/Code/mia/mia/vendor/gabordemooij/redbean/RedBeanPHP/Facade.php:1071
Stack trace:
#0 /Users/lasarkolja/Code/mia/mia/endpoints/login.php(14): RedBeanPHP\Facade::findOne('staff', ' email = ? ', Array)
#1 /Users/lasarkolja/Code/mia/mia/index.php(61): require('/Users/lasarkol...')
#2 {main}
  thrown in /Users/lasarkolja/Code/mia/mia/vendor/gabordemooij/redbean/RedBeanPHP/Facade.php on line 1071
[11-Aug-2022 22:46:12 UTC] PHP Fatal error:  Uncaught Error: Class "R" not found in /Users/lasarkolja/Code/mia/mia/endpoints/login.php:14
Stack trace:
#0 /Users/lasarkolja/Code/mia/mia/index.php(61): require()
#1 {main}
  thrown in /Users/lasarkolja/Code/mia/mia/endpoints/login.php on line 14
[11-Aug-2022 22:46:21 UTC] PHP Fatal error:  Uncaught Error: Class "R" not found in /Users/lasarkolja/Code/mia/mia/endpoints/login.php:14
Stack trace:
#0 /Users/lasarkolja/Code/mia/mia/index.php(61): require()
#1 {main}
  thrown in /Users/lasarkolja/Code/mia/mia/endpoints/login.php on line 14
[11-Aug-2022 22:47:04 UTC] PHP Fatal error:  Uncaught Error: Call to a member function findOne() on null in /Users/lasarkolja/Code/mia/mia/vendor/gabordemooij/redbean/RedBeanPHP/Facade.php:1071
Stack trace:
#0 /Users/lasarkolja/Code/mia/mia/endpoints/login.php(14): RedBeanPHP\Facade::findOne('staff', ' email = ? ', Array)
#1 /Users/lasarkolja/Code/mia/mia/index.php(61): require('/Users/lasarkol...')
#2 {main}
  thrown in /Users/lasarkolja/Code/mia/mia/vendor/gabordemooij/redbean/RedBeanPHP/Facade.php on line 1071
[11-Aug-2022 22:48:20 UTC] PHP Fatal error:  Uncaught Error: Call to a member function find() on null in /Users/lasarkolja/Code/mia/mia/vendor/gabordemooij/redbean/RedBeanPHP/Facade.php:1037
Stack trace:
#0 /Users/lasarkolja/Code/mia/mia/endpoints/login.php(16): RedBeanPHP\Facade::findAll('staff')
#1 /Users/lasarkolja/Code/mia/mia/index.php(61): require('/Users/lasarkol...')
#2 {main}
  thrown in /Users/lasarkolja/Code/mia/mia/vendor/gabordemooij/redbean/RedBeanPHP/Facade.php on line 1037
[11-Aug-2022 22:50:22 UTC] PHP Fatal error:  Uncaught Error: Call to a member function load() on null in /Users/lasarkolja/Code/mia/mia/vendor/gabordemooij/redbean/RedBeanPHP/Facade.php:770
Stack trace:
#0 /Users/lasarkolja/Code/mia/mia/endpoints/login.php(17): RedBeanPHP\Facade::load('users', '2')
#1 /Users/lasarkolja/Code/mia/mia/index.php(61): require('/Users/lasarkol...')
#2 {main}
  thrown in /Users/lasarkolja/Code/mia/mia/vendor/gabordemooij/redbean/RedBeanPHP/Facade.php on line 770
[11-Aug-2022 22:51:31 UTC] PHP Fatal error:  Uncaught Error: Call to a member function load() on null in /Users/lasarkolja/Code/mia/mia/vendor/gabordemooij/redbean/RedBeanPHP/Facade.php:770
Stack trace:
#0 /Users/lasarkolja/Code/mia/mia/endpoints/login.php(17): RedBeanPHP\Facade::load('users', '2')
#1 /Users/lasarkolja/Code/mia/mia/index.php(61): require('/Users/lasarkol...')
#2 {main}
  thrown in /Users/lasarkolja/Code/mia/mia/vendor/gabordemooij/redbean/RedBeanPHP/Facade.php on line 770
[11-Aug-2022 22:53:04 UTC] PHP Fatal error:  Uncaught Error: Call to a member function load() on null in /Users/lasarkolja/Code/mia/mia/vendor/gabordemooij/redbean/RedBeanPHP/Facade.php:770
Stack trace:
#0 /Users/lasarkolja/Code/mia/mia/endpoints/login.php(10): RedBeanPHP\Facade::load('users', '2')
#1 /Users/lasarkolja/Code/mia/mia/index.php(61): require('/Users/lasarkol...')
#2 {main}
  thrown in /Users/lasarkolja/Code/mia/mia/vendor/gabordemooij/redbean/RedBeanPHP/Facade.php on line 770
[11-Aug-2022 22:56:29 UTC] PHP Warning:  Undefined variable $params in /Users/lasarkolja/Code/mia/mia/endpoints/login.php on line 20
[11-Aug-2022 22:56:29 UTC] PHP Warning:  Trying to access array offset on value of type null in /Users/lasarkolja/Code/mia/mia/endpoints/login.php on line 20
[11-Aug-2022 22:56:50 UTC] PHP Warning:  Undefined array key "email" in /Users/lasarkolja/Code/mia/mia/endpoints/login.php on line 20
[11-Aug-2022 22:57:18 UTC] PHP Fatal error:  Uncaught Error: Call to undefined function prtint_r() in /Users/lasarkolja/Code/mia/mia/endpoints/login.php:18
Stack trace:
#0 /Users/lasarkolja/Code/mia/mia/index.php(86): require()
#1 {main}
  thrown in /Users/lasarkolja/Code/mia/mia/endpoints/login.php on line 18
[11-Aug-2022 22:57:28 UTC] PHP Warning:  Undefined array key "email" in /Users/lasarkolja/Code/mia/mia/endpoints/login.php on line 20
[11-Aug-2022 23:00:21 UTC] PHP Fatal error:  Uncaught Error: Call to a member function export() on null in /Users/lasarkolja/Code/mia/mia/endpoints/login.php:21
Stack trace:
#0 /Users/lasarkolja/Code/mia/mia/index.php(86): require()
#1 {main}
  thrown in /Users/lasarkolja/Code/mia/mia/endpoints/login.php on line 21
[12-Aug-2022 12:43:39 UTC] PHP Warning:  Undefined array key "endpoint" in /Applications/MAMP/htdocs/mia/mia/index.php on line 114
[12-Aug-2022 12:43:39 UTC] PHP Warning:  Undefined array key "endpoint" in /Applications/MAMP/htdocs/mia/mia/index.php on line 127
[12-Aug-2022 12:43:42 UTC] PHP Warning:  Undefined array key "endpoint" in /Applications/MAMP/htdocs/mia/mia/index.php on line 114
[12-Aug-2022 12:43:42 UTC] PHP Warning:  Undefined array key "endpoint" in /Applications/MAMP/htdocs/mia/mia/index.php on line 127
[12-Aug-2022 12:52:06 UTC] PHP Warning:  Undefined array key "email" in /Applications/MAMP/htdocs/mia/mia/endpoints/login.php on line 11
[12-Aug-2022 12:52:06 UTC] PHP Warning:  Undefined variable $payload in /Applications/MAMP/htdocs/mia/mia/endpoints/login.php on line 33
[12-Aug-2022 12:52:06 UTC] PHP Warning:  Undefined variable $issuedAt in /Applications/MAMP/htdocs/mia/mia/php/functions.php on line 96
[12-Aug-2022 12:52:06 UTC] PHP Fatal error:  Uncaught Error: Call to a member function modify() on null in /Applications/MAMP/htdocs/mia/mia/php/functions.php:96
Stack trace:
#0 /Applications/MAMP/htdocs/mia/mia/endpoints/login.php(33): generateJWT(Array)
#1 /Applications/MAMP/htdocs/mia/mia/index.php(119): require('/Applications/M...')
#2 {main}
  thrown in /Applications/MAMP/htdocs/mia/mia/php/functions.php on line 96
[12-Aug-2022 12:55:49 UTC] PHP Warning:  Undefined array key "email" in /Applications/MAMP/htdocs/mia/mia/endpoints/login.php on line 11
[12-Aug-2022 12:55:49 UTC] PHP Warning:  Undefined variable $payload in /Applications/MAMP/htdocs/mia/mia/endpoints/login.php on line 33
[12-Aug-2022 12:55:49 UTC] PHP Warning:  Undefined variable $issuedAt in /Applications/MAMP/htdocs/mia/mia/php/functions.php on line 96
[12-Aug-2022 12:55:49 UTC] PHP Fatal error:  Uncaught Error: Call to a member function modify() on null in /Applications/MAMP/htdocs/mia/mia/php/functions.php:96
Stack trace:
#0 /Applications/MAMP/htdocs/mia/mia/endpoints/login.php(33): generateJWT(Array)
#1 /Applications/MAMP/htdocs/mia/mia/index.php(119): require('/Applications/M...')
#2 {main}
  thrown in /Applications/MAMP/htdocs/mia/mia/php/functions.php on line 96
[12-Aug-2022 13:02:26 UTC] PHP Warning:  Undefined variable $issuedAt in /Applications/MAMP/htdocs/mia/mia/php/functions.php on line 96
[12-Aug-2022 13:02:26 UTC] PHP Fatal error:  Uncaught Error: Call to a member function modify() on null in /Applications/MAMP/htdocs/mia/mia/php/functions.php:96
Stack trace:
#0 /Applications/MAMP/htdocs/mia/mia/endpoints/login.php(33): generateJWT(Array)
#1 /Applications/MAMP/htdocs/mia/mia/index.php(119): require('/Applications/M...')
#2 {main}
  thrown in /Applications/MAMP/htdocs/mia/mia/php/functions.php on line 96
[12-Aug-2022 13:02:37 UTC] PHP Warning:  Undefined variable $issuedAt in /Applications/MAMP/htdocs/mia/mia/php/functions.php on line 96
[12-Aug-2022 13:02:37 UTC] PHP Fatal error:  Uncaught Error: Call to a member function modify() on null in /Applications/MAMP/htdocs/mia/mia/php/functions.php:96
Stack trace:
#0 /Applications/MAMP/htdocs/mia/mia/endpoints/login.php(33): generateJWT(Array)
#1 /Applications/MAMP/htdocs/mia/mia/index.php(119): require('/Applications/M...')
#2 {main}
  thrown in /Applications/MAMP/htdocs/mia/mia/php/functions.php on line 96
[12-Aug-2022 13:02:45 UTC] PHP Warning:  Undefined variable $issuedAt in /Applications/MAMP/htdocs/mia/mia/php/functions.php on line 96
[12-Aug-2022 13:02:45 UTC] PHP Fatal error:  Uncaught Error: Call to a member function modify() on null in /Applications/MAMP/htdocs/mia/mia/php/functions.php:96
Stack trace:
#0 /Applications/MAMP/htdocs/mia/mia/endpoints/login.php(33): generateJWT(Array)
#1 /Applications/MAMP/htdocs/mia/mia/index.php(119): require('/Applications/M...')
#2 {main}
  thrown in /Applications/MAMP/htdocs/mia/mia/php/functions.php on line 96
[12-Aug-2022 13:03:04 UTC] PHP Warning:  Undefined variable $issuedAt in /Applications/MAMP/htdocs/mia/mia/php/functions.php on line 96
[12-Aug-2022 13:03:04 UTC] PHP Fatal error:  Uncaught Error: Call to a member function modify() on null in /Applications/MAMP/htdocs/mia/mia/php/functions.php:96
Stack trace:
#0 /Applications/MAMP/htdocs/mia/mia/endpoints/login.php(33): generateJWT(Array)
#1 /Applications/MAMP/htdocs/mia/mia/index.php(119): require('/Applications/M...')
#2 {main}
  thrown in /Applications/MAMP/htdocs/mia/mia/php/functions.php on line 96
[12-Aug-2022 13:04:14 UTC] PHP Warning:  Undefined variable $issuedAt in /Applications/MAMP/htdocs/mia/mia/php/functions.php on line 96
[12-Aug-2022 13:04:14 UTC] PHP Fatal error:  Uncaught Error: Call to a member function modify() on null in /Applications/MAMP/htdocs/mia/mia/php/functions.php:96
Stack trace:
#0 /Applications/MAMP/htdocs/mia/mia/endpoints/login.php(33): generateJWT(Array)
#1 /Applications/MAMP/htdocs/mia/mia/index.php(119): require('/Applications/M...')
#2 {main}
  thrown in /Applications/MAMP/htdocs/mia/mia/php/functions.php on line 96
[12-Aug-2022 13:04:24 UTC] PHP Warning:  Undefined variable $issuedAt in /Applications/MAMP/htdocs/mia/mia/php/functions.php on line 96
[12-Aug-2022 13:04:24 UTC] PHP Fatal error:  Uncaught Error: Call to a member function modify() on null in /Applications/MAMP/htdocs/mia/mia/php/functions.php:96
Stack trace:
#0 /Applications/MAMP/htdocs/mia/mia/endpoints/login.php(33): generateJWT(Array)
#1 /Applications/MAMP/htdocs/mia/mia/index.php(119): require('/Applications/M...')
#2 {main}
  thrown in /Applications/MAMP/htdocs/mia/mia/php/functions.php on line 96
[12-Aug-2022 13:04:46 UTC] PHP Warning:  Undefined variable $issuedAt in /Applications/MAMP/htdocs/mia/mia/php/functions.php on line 96
[12-Aug-2022 13:04:46 UTC] PHP Fatal error:  Uncaught Error: Call to a member function modify() on null in /Applications/MAMP/htdocs/mia/mia/php/functions.php:96
Stack trace:
#0 /Applications/MAMP/htdocs/mia/mia/endpoints/login.php(33): generateJWT(Array)
#1 /Applications/MAMP/htdocs/mia/mia/index.php(119): require('/Applications/M...')
#2 {main}
  thrown in /Applications/MAMP/htdocs/mia/mia/php/functions.php on line 96
[12-Aug-2022 13:05:26 UTC] PHP Warning:  Undefined variable $issuedAt in /Applications/MAMP/htdocs/mia/mia/php/functions.php on line 96
[12-Aug-2022 13:05:26 UTC] PHP Fatal error:  Uncaught Error: Call to a member function modify() on null in /Applications/MAMP/htdocs/mia/mia/php/functions.php:96
Stack trace:
#0 /Applications/MAMP/htdocs/mia/mia/endpoints/login.php(33): generateJWT(Array)
#1 /Applications/MAMP/htdocs/mia/mia/index.php(119): require('/Applications/M...')
#2 {main}
  thrown in /Applications/MAMP/htdocs/mia/mia/php/functions.php on line 96
[12-Aug-2022 13:05:37 UTC] PHP Warning:  Undefined variable $issuedAt in /Applications/MAMP/htdocs/mia/mia/php/functions.php on line 96
[12-Aug-2022 13:05:37 UTC] PHP Fatal error:  Uncaught Error: Call to a member function modify() on null in /Applications/MAMP/htdocs/mia/mia/php/functions.php:96
Stack trace:
#0 /Applications/MAMP/htdocs/mia/mia/endpoints/login.php(33): generateJWT(Array)
#1 /Applications/MAMP/htdocs/mia/mia/index.php(119): require('/Applications/M...')
#2 {main}
  thrown in /Applications/MAMP/htdocs/mia/mia/php/functions.php on line 96
[12-Aug-2022 23:12:59 UTC] PHP Warning:  Undefined array key "HTTP_AUTHORIZATION" in /Applications/MAMP/htdocs/mia/mia/index.php on line 153
[12-Aug-2022 23:12:59 UTC] PHP Warning:  Undefined array key 1 in /Applications/MAMP/htdocs/mia/mia/index.php on line 153
[12-Aug-2022 23:12:59 UTC] PHP Fatal error:  Uncaught TypeError: Firebase\JWT\JWT::decode(): Argument #1 ($jwt) must be of type string, null given, called in /Applications/MAMP/htdocs/mia/mia/php/functions.php on line 120 and defined in /Applications/MAMP/htdocs/mia/mia/vendor/firebase/php-jwt/src/JWT.php:90
Stack trace:
#0 /Applications/MAMP/htdocs/mia/mia/php/functions.php(120): Firebase\JWT\JWT::decode(NULL, Object(Firebase\JWT\Key))
#1 /Applications/MAMP/htdocs/mia/mia/index.php(155): readJWT(NULL)
#2 {main}
  thrown in /Applications/MAMP/htdocs/mia/mia/vendor/firebase/php-jwt/src/JWT.php on line 90
[13-Aug-2022 09:28:12 UTC] PHP Warning:  Undefined variable $id in /Applications/MAMP/htdocs/mia/mia/endpoints/customer.php on line 62
[13-Aug-2022 09:43:33 UTC] PHP Fatal error:  Uncaught TypeError: Illegal offset type in /Applications/MAMP/htdocs/mia/mia/endpoints/customer.php:46
Stack trace:
#0 /Applications/MAMP/htdocs/mia/mia/index.php(167): require()
#1 {main}
  thrown in /Applications/MAMP/htdocs/mia/mia/endpoints/customer.php on line 46
[13-Aug-2022 09:48:31 UTC] PHP Fatal error:  Uncaught ArgumentCountError: array_flip() expects exactly 1 argument, 2 given in /Applications/MAMP/htdocs/mia/mia/endpoints/customer.php:46
Stack trace:
#0 /Applications/MAMP/htdocs/mia/mia/endpoints/customer.php(46): array_flip('id', 'name')
#1 /Applications/MAMP/htdocs/mia/mia/index.php(167): require('/Applications/M...')
#2 {main}
  thrown in /Applications/MAMP/htdocs/mia/mia/endpoints/customer.php on line 46
[13-Aug-2022 09:48:54 UTC] PHP Parse error:  syntax error, unexpected identifier "‚", expecting ")" in /Applications/MAMP/htdocs/mia/mia/endpoints/customer.php on line 46
[13-Aug-2022 09:50:00 UTC] PHP Warning:  Cannot modify header information - headers already sent by (output started at /Applications/MAMP/htdocs/mia/mia/endpoints/customer.php:55) in /Applications/MAMP/htdocs/mia/mia/php/functions.php on line 220
[13-Aug-2022 09:50:00 UTC] PHP Warning:  Cannot modify header information - headers already sent by (output started at /Applications/MAMP/htdocs/mia/mia/endpoints/customer.php:55) in /Applications/MAMP/htdocs/mia/mia/php/functions.php on line 221
[13-Aug-2022 09:50:00 UTC] PHP Warning:  Cannot modify header information - headers already sent by (output started at /Applications/MAMP/htdocs/mia/mia/endpoints/customer.php:55) in /Applications/MAMP/htdocs/mia/mia/php/functions.php on line 222
[13-Aug-2022 09:50:00 UTC] PHP Warning:  Cannot modify header information - headers already sent by (output started at /Applications/MAMP/htdocs/mia/mia/endpoints/customer.php:55) in /Applications/MAMP/htdocs/mia/mia/php/functions.php on line 223
[13-Aug-2022 09:50:00 UTC] PHP Warning:  Cannot modify header information - headers already sent by (output started at /Applications/MAMP/htdocs/mia/mia/endpoints/customer.php:55) in /Applications/MAMP/htdocs/mia/mia/php/functions.php on line 224
[13-Aug-2022 09:50:22 UTC] PHP Warning:  Cannot modify header information - headers already sent by (output started at /Applications/MAMP/htdocs/mia/mia/endpoints/customer.php:55) in /Applications/MAMP/htdocs/mia/mia/php/functions.php on line 220
[13-Aug-2022 09:50:22 UTC] PHP Warning:  Cannot modify header information - headers already sent by (output started at /Applications/MAMP/htdocs/mia/mia/endpoints/customer.php:55) in /Applications/MAMP/htdocs/mia/mia/php/functions.php on line 221
[13-Aug-2022 09:50:22 UTC] PHP Warning:  Cannot modify header information - headers already sent by (output started at /Applications/MAMP/htdocs/mia/mia/endpoints/customer.php:55) in /Applications/MAMP/htdocs/mia/mia/php/functions.php on line 222
[13-Aug-2022 09:50:22 UTC] PHP Warning:  Cannot modify header information - headers already sent by (output started at /Applications/MAMP/htdocs/mia/mia/endpoints/customer.php:55) in /Applications/MAMP/htdocs/mia/mia/php/functions.php on line 223
[13-Aug-2022 09:50:22 UTC] PHP Warning:  Cannot modify header information - headers already sent by (output started at /Applications/MAMP/htdocs/mia/mia/endpoints/customer.php:55) in /Applications/MAMP/htdocs/mia/mia/php/functions.php on line 224
[13-Aug-2022 09:51:38 UTC] PHP Warning:  Cannot modify header information - headers already sent by (output started at /Applications/MAMP/htdocs/mia/mia/endpoints/customer.php:40) in /Applications/MAMP/htdocs/mia/mia/php/functions.php on line 220
[13-Aug-2022 09:51:38 UTC] PHP Warning:  Cannot modify header information - headers already sent by (output started at /Applications/MAMP/htdocs/mia/mia/endpoints/customer.php:40) in /Applications/MAMP/htdocs/mia/mia/php/functions.php on line 221
[13-Aug-2022 09:51:38 UTC] PHP Warning:  Cannot modify header information - headers already sent by (output started at /Applications/MAMP/htdocs/mia/mia/endpoints/customer.php:40) in /Applications/MAMP/htdocs/mia/mia/php/functions.php on line 222
[13-Aug-2022 09:51:38 UTC] PHP Warning:  Cannot modify header information - headers already sent by (output started at /Applications/MAMP/htdocs/mia/mia/endpoints/customer.php:40) in /Applications/MAMP/htdocs/mia/mia/php/functions.php on line 223
[13-Aug-2022 09:51:38 UTC] PHP Warning:  Cannot modify header information - headers already sent by (output started at /Applications/MAMP/htdocs/mia/mia/endpoints/customer.php:40) in /Applications/MAMP/htdocs/mia/mia/php/functions.php on line 224
[13-Aug-2022 11:46:48 UTC] PHP Warning:  Undefined array key "HTTP_AUTHORIZATION" in /Applications/MAMP/htdocs/mia/mia/index.php on line 153
[13-Aug-2022 11:46:48 UTC] PHP Warning:  Undefined array key 1 in /Applications/MAMP/htdocs/mia/mia/index.php on line 153
[13-Aug-2022 11:46:48 UTC] PHP Fatal error:  Uncaught TypeError: Firebase\JWT\JWT::decode(): Argument #1 ($jwt) must be of type string, null given, called in /Applications/MAMP/htdocs/mia/mia/php/functions.php on line 120 and defined in /Applications/MAMP/htdocs/mia/mia/vendor/firebase/php-jwt/src/JWT.php:90
Stack trace:
#0 /Applications/MAMP/htdocs/mia/mia/php/functions.php(120): Firebase\JWT\JWT::decode(NULL, Object(Firebase\JWT\Key))
#1 /Applications/MAMP/htdocs/mia/mia/index.php(155): readJWT(NULL)
#2 {main}
  thrown in /Applications/MAMP/htdocs/mia/mia/vendor/firebase/php-jwt/src/JWT.php on line 90
